<?xml version="1.0" encoding="UTF-8"?>
<!-- Generated by org.testng.reporters.JUnitXMLReporter -->
<testsuite hostname="admin-PC" name="Default test" tests="1" failures="1" timestamp="5 Nov 2014 14:18:28 GMT" time="28.474" errors="0">
  <testcase name="f4" time="9.97" classname="src.crm.Researcher">
    <failure type="org.openqa.selenium.NoSuchWindowException" message="Window not found. The browser window may have been closed.
Command duration or timeout: 63 milliseconds
Build info: version: &amp;apos;2.44.0&amp;apos;, revision: &amp;apos;76d78cf&amp;apos;, time: &amp;apos;2014-10-23 20:02:37&amp;apos;
System info: host: &amp;apos;admin-PC&amp;apos;, ip: &amp;apos;192.168.1.163&amp;apos;, os.name: &amp;apos;Windows 7&amp;apos;, os.arch: &amp;apos;x86&amp;apos;, os.version: &amp;apos;6.1&amp;apos;, java.version: &amp;apos;1.7.0_55&amp;apos;
Session ID: f10f3427-99e1-4955-9405-8b3ecc888ad0
Driver info: org.openqa.selenium.firefox.FirefoxDriver
Capabilities [{platform=WINDOWS, acceptSslCerts=true, javascriptEnabled=true, cssSelectorsEnabled=true, databaseEnabled=true, browserName=firefox, handlesAlerts=true, nativeEvents=true, webStorageEnabled=true, rotatable=false, locationContextEnabled=true, applicationCacheEnabled=true, takesScreenshot=true, version=31.0}]">
      <![CDATA[org.openqa.selenium.NoSuchWindowException: Window not found. The browser window may have been closed.
Command duration or timeout: 63 milliseconds
Build info: version: '2.44.0', revision: '76d78cf', time: '2014-10-23 20:02:37'
System info: host: 'admin-PC', ip: '192.168.1.163', os.name: 'Windows 7', os.arch: 'x86', os.version: '6.1', java.version: '1.7.0_55'
Session ID: f10f3427-99e1-4955-9405-8b3ecc888ad0
Driver info: org.openqa.selenium.firefox.FirefoxDriver
Capabilities [{platform=WINDOWS, acceptSslCerts=true, javascriptEnabled=true, cssSelectorsEnabled=true, databaseEnabled=true, browserName=firefox, handlesAlerts=true, nativeEvents=true, webStorageEnabled=true, rotatable=false, locationContextEnabled=true, applicationCacheEnabled=true, takesScreenshot=true, version=31.0}]
	at sun.reflect.NativeConstructorAccessorImpl.newInstance0(Native Method)
	at sun.reflect.NativeConstructorAccessorImpl.newInstance(Unknown Source)
	at sun.reflect.DelegatingConstructorAccessorImpl.newInstance(Unknown Source)
	at java.lang.reflect.Constructor.newInstance(Unknown Source)
	at org.openqa.selenium.remote.ErrorHandler.createThrowable(ErrorHandler.java:204)
	at org.openqa.selenium.remote.ErrorHandler.throwIfResponseFailed(ErrorHandler.java:156)
	at org.openqa.selenium.remote.RemoteWebDriver.execute(RemoteWebDriver.java:599)
	at org.openqa.selenium.remote.RemoteWebDriver.findElement(RemoteWebDriver.java:352)
	at org.openqa.selenium.remote.RemoteWebDriver.findElementByClassName(RemoteWebDriver.java:433)
	at org.openqa.selenium.By$ByClassName.findElement(By.java:387)
	at org.openqa.selenium.remote.RemoteWebDriver.findElement(RemoteWebDriver.java:344)
	at src.crm.Researcher.treeSize(Researcher.java:57)
	at src.crm.Researcher.f4(Researcher.java:512)
	at sun.reflect.NativeMethodAccessorImpl.invoke0(Native Method)
	at sun.reflect.NativeMethodAccessorImpl.invoke(Unknown Source)
	at sun.reflect.DelegatingMethodAccessorImpl.invoke(Unknown Source)
	at java.lang.reflect.Method.invoke(Unknown Source)
	at org.testng.internal.MethodInvocationHelper.invokeMethod(MethodInvocationHelper.java:84)
	at org.testng.internal.Invoker.invokeMethod(Invoker.java:714)
	at org.testng.internal.Invoker.invokeTestMethod(Invoker.java:901)
	at org.testng.internal.Invoker.invokeTestMethods(Invoker.java:1231)
	at org.testng.internal.TestMethodWorker.invokeTestMethods(TestMethodWorker.java:127)
	at org.testng.internal.TestMethodWorker.run(TestMethodWorker.java:111)
	at org.testng.TestRunner.privateRun(TestRunner.java:767)
	at org.testng.TestRunner.run(TestRunner.java:617)
	at org.testng.SuiteRunner.runTest(SuiteRunner.java:334)
	at org.testng.SuiteRunner.runSequentially(SuiteRunner.java:329)
	at org.testng.SuiteRunner.privateRun(SuiteRunner.java:291)
	at org.testng.SuiteRunner.run(SuiteRunner.java:240)
	at org.testng.SuiteRunnerWorker.runSuite(SuiteRunnerWorker.java:52)
	at org.testng.SuiteRunnerWorker.run(SuiteRunnerWorker.java:86)
	at org.testng.TestNG.runSuitesSequentially(TestNG.java:1224)
	at org.testng.TestNG.runSuitesLocally(TestNG.java:1149)
	at org.testng.TestNG.run(TestNG.java:1057)
	at org.testng.remote.RemoteTestNG.run(RemoteTestNG.java:111)
	at org.testng.remote.RemoteTestNG.initAndRun(RemoteTestNG.java:204)
	at org.testng.remote.RemoteTestNG.main(RemoteTestNG.java:175)
Caused by: org.openqa.selenium.NoSuchWindowException: Window not found. The browser window may have been closed.
Build info: version: '2.44.0', revision: '76d78cf', time: '2014-10-23 20:02:37'
System info: host: 'admin-PC', ip: '192.168.1.163', os.name: 'Windows 7', os.arch: 'x86', os.version: '6.1', java.version: '1.7.0_55'
Driver info: driver.version: unknown
	at <anonymous class>.nsCommandProcessor.prototype.execute(file:///C:/Users/Nexii/AppData/Local/Temp/anonymous5726099145840167589webdriver-profile/extensions/fxdriver@googlecode.com/components/command-processor.js:11706:11)
	at <anonymous class>.Dispatcher.executeAs/<(file:///C:/Users/Nexii/AppData/Local/Temp/anonymous5726099145840167589webdriver-profile/extensions/fxdriver@googlecode.com/components/driver-component.js:8437:5)
	at <anonymous class>.Resource.prototype.handle(file:///C:/Users/Nexii/AppData/Local/Temp/anonymous5726099145840167589webdriver-profile/extensions/fxdriver@googlecode.com/components/driver-component.js:8584:194)
	at <anonymous class>.Dispatcher.prototype.dispatch(file:///C:/Users/Nexii/AppData/Local/Temp/anonymous5726099145840167589webdriver-profile/extensions/fxdriver@googlecode.com/components/driver-component.js:8531:36)
	at <anonymous class>.WebDriverServer/<.handle(file:///C:/Users/Nexii/AppData/Local/Temp/anonymous5726099145840167589webdriver-profile/extensions/fxdriver@googlecode.com/components/driver-component.js:11489:5)
	at <anonymous class>.createHandlerFunc/<(file:///C:/Users/Nexii/AppData/Local/Temp/anonymous5726099145840167589webdriver-profile/extensions/fxdriver@googlecode.com/components/httpd.js:1935:41)
	at <anonymous class>.ServerHandler.prototype.handleResponse(file:///C:/Users/Nexii/AppData/Local/Temp/anonymous5726099145840167589webdriver-profile/extensions/fxdriver@googlecode.com/components/httpd.js:2261:15)
	at <anonymous class>.Connection.prototype.process(file:///C:/Users/Nexii/AppData/Local/Temp/anonymous5726099145840167589webdriver-profile/extensions/fxdriver@googlecode.com/components/httpd.js:1168:5)
	at <anonymous class>.RequestReader.prototype._handleResponse(file:///C:/Users/Nexii/AppData/Local/Temp/anonymous5726099145840167589webdriver-profile/extensions/fxdriver@googlecode.com/components/httpd.js:1616:5)
	at <anonymous class>.RequestReader.prototype._processBody(file:///C:/Users/Nexii/AppData/Local/Temp/anonymous5726099145840167589webdriver-profile/extensions/fxdriver@googlecode.com/components/httpd.js:1464:9)
	at <anonymous class>.RequestReader.prototype.onInputStreamReady(file:///C:/Users/Nexii/AppData/Local/Temp/anonymous5726099145840167589webdriver-profile/extensions/fxdriver@googlecode.com/components/httpd.js:1333:9)
]]>
    </failure>
  </testcase> <!-- f4 -->
</testsuite> <!-- Default test -->
