<?xml version="1.0" encoding="UTF-8"?>
<!-- Generated by org.testng.reporters.JUnitXMLReporter -->
<testsuite hostname="admin-PC" name="Default test" tests="4" failures="0" timestamp="5 Nov 2014 14:36:19 GMT" time="384.66" errors="0">
  <testcase name="f1" time="54.711" classname="src.crm.Researcher"/>
  <testcase name="f2" time="94.725" classname="src.crm.Researcher"/>
  <testcase name="f3" time="94.134" classname="src.crm.Researcher"/>
  <testcase name="f5" time="72.503" classname="src.crm.Researcher"/>
</testsuite> <!-- Default test -->
