<?xml version="1.0" encoding="UTF-8"?>
<!-- Generated by org.testng.reporters.JUnitXMLReporter -->
<testsuite hostname="hai-PC" name="Default test" tests="7" failures="0" timestamp="21 Oct 2014 12:19:10 GMT" time="440.218" errors="0">
  <testcase name="proposalFollowup" time="46.33" classname="crm.BDM"/>
  <testcase name="proposalUpload" time="44.842" classname="crm.BDM"/>
  <testcase name="quoteFollowup" time="45.616" classname="crm.BDM"/>
  <testcase name="quoteUpload" time="44.9" classname="crm.BDM"/>
  <testcase name="searchLeads" time="34.511" classname="crm.BDM"/>
  <testcase name="testLeadEditButton" time="73.617" classname="crm.BDM"/>
  <testcase name="testLeadTrackButton" time="35.086" classname="crm.BDM"/>
</testsuite> <!-- Default test -->
