<?xml version="1.0" encoding="UTF-8"?>
<testng-results skipped="0" failed="0" total="11" passed="11">
  <reporter-output>
  </reporter-output>
  <suite name="Default suite" duration-ms="447927" started-at="2014-10-31T10:18:56Z" finished-at="2014-10-31T10:26:24Z">
    <groups>
    </groups>
    <test name="Default test" duration-ms="447927" started-at="2014-10-31T10:18:56Z" finished-at="2014-10-31T10:26:24Z">
      <class name="crm.Management">
        <test-method status="PASS" signature="beforesuite()[pri:0, instance:crm.Management@e707bb]" name="beforesuite" is-config="true" duration-ms="968" started-at="2014-10-31T15:48:55Z" finished-at="2014-10-31T15:48:56Z">
          <reporter-output>
          </reporter-output>
        </test-method> <!-- beforesuite -->
        <test-method status="PASS" signature="beforeMethod()[pri:0, instance:crm.Management@e707bb]" name="beforeMethod" is-config="true" duration-ms="26774" started-at="2014-10-31T15:48:56Z" finished-at="2014-10-31T15:49:22Z">
          <reporter-output>
          </reporter-output>
        </test-method> <!-- beforeMethod -->
        <test-method status="PASS" signature="test1()[pri:0, instance:crm.Management@e707bb]" name="test1" duration-ms="10595" started-at="2014-10-31T15:49:22Z" finished-at="2014-10-31T15:49:33Z">
          <reporter-output>
          </reporter-output>
        </test-method> <!-- test1 -->
        <test-method status="PASS" signature="afterMethod()[pri:0, instance:crm.Management@e707bb]" name="afterMethod" is-config="true" duration-ms="625" started-at="2014-10-31T15:49:33Z" finished-at="2014-10-31T15:49:34Z">
          <reporter-output>
          </reporter-output>
        </test-method> <!-- afterMethod -->
        <test-method status="PASS" signature="beforeMethod()[pri:0, instance:crm.Management@e707bb]" name="beforeMethod" is-config="true" duration-ms="18593" started-at="2014-10-31T15:49:34Z" finished-at="2014-10-31T15:49:52Z">
          <reporter-output>
          </reporter-output>
        </test-method> <!-- beforeMethod -->
        <test-method status="PASS" signature="test2()[pri:0, instance:crm.Management@e707bb]" name="test2" duration-ms="21624" started-at="2014-10-31T15:49:52Z" finished-at="2014-10-31T15:50:14Z">
          <reporter-output>
          </reporter-output>
        </test-method> <!-- test2 -->
        <test-method status="PASS" signature="afterMethod()[pri:0, instance:crm.Management@e707bb]" name="afterMethod" is-config="true" duration-ms="657" started-at="2014-10-31T15:50:14Z" finished-at="2014-10-31T15:50:15Z">
          <reporter-output>
          </reporter-output>
        </test-method> <!-- afterMethod -->
        <test-method status="PASS" signature="beforeMethod()[pri:0, instance:crm.Management@e707bb]" name="beforeMethod" is-config="true" duration-ms="14775" started-at="2014-10-31T15:50:15Z" finished-at="2014-10-31T15:50:29Z">
          <reporter-output>
          </reporter-output>
        </test-method> <!-- beforeMethod -->
        <test-method status="PASS" signature="test3()[pri:0, instance:crm.Management@e707bb]" name="test3" duration-ms="39787" started-at="2014-10-31T15:50:29Z" finished-at="2014-10-31T15:51:09Z">
          <reporter-output>
          </reporter-output>
        </test-method> <!-- test3 -->
        <test-method status="PASS" signature="afterMethod()[pri:0, instance:crm.Management@e707bb]" name="afterMethod" is-config="true" duration-ms="609" started-at="2014-10-31T15:51:09Z" finished-at="2014-10-31T15:51:10Z">
          <reporter-output>
          </reporter-output>
        </test-method> <!-- afterMethod -->
        <test-method status="PASS" signature="beforeMethod()[pri:0, instance:crm.Management@e707bb]" name="beforeMethod" is-config="true" duration-ms="15102" started-at="2014-10-31T15:51:10Z" finished-at="2014-10-31T15:51:25Z">
          <reporter-output>
          </reporter-output>
        </test-method> <!-- beforeMethod -->
        <test-method status="PASS" signature="test4()[pri:0, instance:crm.Management@e707bb]" name="test4" duration-ms="24666" started-at="2014-10-31T15:51:25Z" finished-at="2014-10-31T15:51:50Z">
          <reporter-output>
          </reporter-output>
        </test-method> <!-- test4 -->
        <test-method status="PASS" signature="afterMethod()[pri:0, instance:crm.Management@e707bb]" name="afterMethod" is-config="true" duration-ms="669" started-at="2014-10-31T15:51:50Z" finished-at="2014-10-31T15:51:50Z">
          <reporter-output>
          </reporter-output>
        </test-method> <!-- afterMethod -->
        <test-method status="PASS" signature="beforeMethod()[pri:0, instance:crm.Management@e707bb]" name="beforeMethod" is-config="true" duration-ms="15514" started-at="2014-10-31T15:51:50Z" finished-at="2014-10-31T15:52:06Z">
          <reporter-output>
          </reporter-output>
        </test-method> <!-- beforeMethod -->
        <test-method status="PASS" signature="test5()[pri:0, instance:crm.Management@e707bb]" name="test5" duration-ms="31667" started-at="2014-10-31T15:52:06Z" finished-at="2014-10-31T15:52:37Z">
          <reporter-output>
          </reporter-output>
        </test-method> <!-- test5 -->
        <test-method status="PASS" signature="afterMethod()[pri:0, instance:crm.Management@e707bb]" name="afterMethod" is-config="true" duration-ms="739" started-at="2014-10-31T15:52:37Z" finished-at="2014-10-31T15:52:38Z">
          <reporter-output>
          </reporter-output>
        </test-method> <!-- afterMethod -->
        <test-method status="PASS" signature="beforeMethod()[pri:0, instance:crm.Management@e707bb]" name="beforeMethod" is-config="true" duration-ms="15575" started-at="2014-10-31T15:52:38Z" finished-at="2014-10-31T15:52:54Z">
          <reporter-output>
          </reporter-output>
        </test-method> <!-- beforeMethod -->
        <test-method status="PASS" signature="test6()[pri:0, instance:crm.Management@e707bb]" name="test6" duration-ms="31748" started-at="2014-10-31T15:52:54Z" finished-at="2014-10-31T15:53:25Z">
          <reporter-output>
          </reporter-output>
        </test-method> <!-- test6 -->
        <test-method status="PASS" signature="afterMethod()[pri:0, instance:crm.Management@e707bb]" name="afterMethod" is-config="true" duration-ms="662" started-at="2014-10-31T15:53:25Z" finished-at="2014-10-31T15:53:26Z">
          <reporter-output>
          </reporter-output>
        </test-method> <!-- afterMethod -->
        <test-method status="PASS" signature="beforeMethod()[pri:0, instance:crm.Management@e707bb]" name="beforeMethod" is-config="true" duration-ms="15510" started-at="2014-10-31T15:53:26Z" finished-at="2014-10-31T15:53:42Z">
          <reporter-output>
          </reporter-output>
        </test-method> <!-- beforeMethod -->
        <test-method status="PASS" signature="test7()[pri:0, instance:crm.Management@e707bb]" name="test7" duration-ms="22759" started-at="2014-10-31T15:53:42Z" finished-at="2014-10-31T15:54:04Z">
          <reporter-output>
          </reporter-output>
        </test-method> <!-- test7 -->
        <test-method status="PASS" signature="afterMethod()[pri:0, instance:crm.Management@e707bb]" name="afterMethod" is-config="true" duration-ms="874" started-at="2014-10-31T15:54:04Z" finished-at="2014-10-31T15:54:05Z">
          <reporter-output>
          </reporter-output>
        </test-method> <!-- afterMethod -->
        <test-method status="PASS" signature="beforeMethod()[pri:0, instance:crm.Management@e707bb]" name="beforeMethod" is-config="true" duration-ms="15317" started-at="2014-10-31T15:54:05Z" finished-at="2014-10-31T15:54:21Z">
          <reporter-output>
          </reporter-output>
        </test-method> <!-- beforeMethod -->
        <test-method status="PASS" signature="test8()[pri:0, instance:crm.Management@e707bb]" name="test8" duration-ms="27032" started-at="2014-10-31T15:54:21Z" finished-at="2014-10-31T15:54:48Z">
          <reporter-output>
          </reporter-output>
        </test-method> <!-- test8 -->
        <test-method status="PASS" signature="afterMethod()[pri:0, instance:crm.Management@e707bb]" name="afterMethod" is-config="true" duration-ms="680" started-at="2014-10-31T15:54:48Z" finished-at="2014-10-31T15:54:48Z">
          <reporter-output>
          </reporter-output>
        </test-method> <!-- afterMethod -->
        <test-method status="PASS" signature="beforeMethod()[pri:0, instance:crm.Management@e707bb]" name="beforeMethod" is-config="true" duration-ms="15270" started-at="2014-10-31T15:54:48Z" finished-at="2014-10-31T15:55:04Z">
          <reporter-output>
          </reporter-output>
        </test-method> <!-- beforeMethod -->
        <test-method status="PASS" signature="test9()[pri:0, instance:crm.Management@e707bb]" name="test9" duration-ms="23306" started-at="2014-10-31T15:55:04Z" finished-at="2014-10-31T15:55:27Z">
          <reporter-output>
          </reporter-output>
        </test-method> <!-- test9 -->
        <test-method status="PASS" signature="afterMethod()[pri:0, instance:crm.Management@e707bb]" name="afterMethod" is-config="true" duration-ms="678" started-at="2014-10-31T15:55:27Z" finished-at="2014-10-31T15:55:28Z">
          <reporter-output>
          </reporter-output>
        </test-method> <!-- afterMethod -->
        <test-method status="PASS" signature="beforeMethod()[pri:0, instance:crm.Management@e707bb]" name="beforeMethod" is-config="true" duration-ms="14740" started-at="2014-10-31T15:55:28Z" finished-at="2014-10-31T15:55:42Z">
          <reporter-output>
          </reporter-output>
        </test-method> <!-- beforeMethod -->
        <test-method status="PASS" signature="testLeads()[pri:0, instance:crm.Management@e707bb]" name="testLeads" duration-ms="6861" started-at="2014-10-31T15:55:42Z" finished-at="2014-10-31T15:55:49Z">
          <reporter-output>
          </reporter-output>
        </test-method> <!-- testLeads -->
        <test-method status="PASS" signature="afterMethod()[pri:0, instance:crm.Management@e707bb]" name="afterMethod" is-config="true" duration-ms="845" started-at="2014-10-31T15:55:49Z" finished-at="2014-10-31T15:55:50Z">
          <reporter-output>
          </reporter-output>
        </test-method> <!-- afterMethod -->
        <test-method status="PASS" signature="beforeMethod()[pri:0, instance:crm.Management@e707bb]" name="beforeMethod" is-config="true" duration-ms="14860" started-at="2014-10-31T15:55:50Z" finished-at="2014-10-31T15:56:05Z">
          <reporter-output>
          </reporter-output>
        </test-method> <!-- beforeMethod -->
        <test-method status="PASS" signature="testPassword()[pri:0, instance:crm.Management@e707bb]" name="testPassword" duration-ms="17969" started-at="2014-10-31T15:56:05Z" finished-at="2014-10-31T15:56:23Z">
          <reporter-output>
          </reporter-output>
        </test-method> <!-- testPassword -->
        <test-method status="PASS" signature="afterMethod()[pri:0, instance:crm.Management@e707bb]" name="afterMethod" is-config="true" duration-ms="789" started-at="2014-10-31T15:56:23Z" finished-at="2014-10-31T15:56:24Z">
          <reporter-output>
          </reporter-output>
        </test-method> <!-- afterMethod -->
      </class> <!-- crm.Management -->
    </test> <!-- Default test -->
  </suite> <!-- Default suite -->
</testng-results>
